19.08.2021 - 23:31:16 - [TAB v2.9.2] Failed to load essentials methods
19.08.2021 - 23:31:16 - java.lang.IllegalStateException: zip file closed
19.08.2021 - 23:31:16 -        at java.base/java.util.zip.ZipFile.ensureOpen(ZipFile.java:920)
19.08.2021 - 23:31:16 -        at java.base/java.util.zip.ZipFile.getEntry(ZipFile.java:347)
19.08.2021 - 23:31:16 -        at java.base/java.util.zip.ZipFile$1.getEntry(ZipFile.java:1126)
19.08.2021 - 23:31:16 -        at java.base/java.util.jar.JarFile.getEntry0(JarFile.java:578)
19.08.2021 - 23:31:16 -        at java.base/java.util.jar.JarFile.getEntry(JarFile.java:508)
19.08.2021 - 23:31:16 -        at java.base/java.util.jar.JarFile.getJarEntry(JarFile.java:470)
19.08.2021 - 23:31:16 -        at org.bukkit.plugin.java.PluginClassLoader.findClass(PluginClassLoader.java:167)
19.08.2021 - 23:31:16 -        at java.base/java.lang.ClassLoader.loadClass(ClassLoader.java:589)
19.08.2021 - 23:31:16 -        at org.bukkit.plugin.java.PluginClassLoader.loadClass0(PluginClassLoader.java:119)
19.08.2021 - 23:31:16 -        at org.bukkit.plugin.java.PluginClassLoader.loadClass(PluginClassLoader.java:114)
19.08.2021 - 23:31:16 -        at java.base/java.lang.ClassLoader.loadClass(ClassLoader.java:522)
19.08.2021 - 23:31:16 -        at java.base/java.lang.Class.getDeclaredMethods0(Native Method)
19.08.2021 - 23:31:16 -        at java.base/java.lang.Class.privateGetDeclaredMethods(Class.java:3166)
19.08.2021 - 23:31:16 -        at java.base/java.lang.Class.getMethodsRecursive(Class.java:3307)
19.08.2021 - 23:31:16 -        at java.base/java.lang.Class.getMethod0(Class.java:3293)
19.08.2021 - 23:31:16 -        at java.base/java.lang.Class.getMethod(Class.java:2106)
19.08.2021 - 23:31:16 -        at me.neznamy.tab.platforms.bukkit.BukkitPlaceholderRegistry.<init>(BukkitPlaceholderRegistry.java:74)
19.08.2021 - 23:31:16 -        at me.neznamy.tab.platforms.bukkit.BukkitPlatform.loadFeatures(BukkitPlatform.java:90)
19.08.2021 - 23:31:16 -        at me.neznamy.tab.shared.TAB.load(TAB.java:157)
19.08.2021 - 23:31:16 -        at me.neznamy.tab.platforms.bukkit.Main.onEnable(Main.java:44)
19.08.2021 - 23:31:16 -        at org.bukkit.plugin.java.JavaPlugin.setEnabled(JavaPlugin.java:263)
19.08.2021 - 23:31:16 -        at org.bukkit.plugin.java.JavaPluginLoader.enablePlugin(JavaPluginLoader.java:370)
19.08.2021 - 23:31:16 -        at org.bukkit.plugin.SimplePluginManager.enablePlugin(SimplePluginManager.java:500)
19.08.2021 - 23:31:16 -        at org.bukkit.craftbukkit.v1_16_R3.CraftServer.enablePlugin(CraftServer.java:518)
19.08.2021 - 23:31:16 -        at org.bukkit.craftbukkit.v1_16_R3.CraftServer.enablePlugins(CraftServer.java:432)
19.08.2021 - 23:31:16 -        at net.minecraft.server.v1_16_R3.MinecraftServer.loadWorld(MinecraftServer.java:594)
19.08.2021 - 23:31:16 -        at net.minecraft.server.v1_16_R3.DedicatedServer.init(DedicatedServer.java:298)
19.08.2021 - 23:31:16 -        at net.minecraft.server.v1_16_R3.MinecraftServer.w(MinecraftServer.java:1069)
19.08.2021 - 23:31:16 -        at net.minecraft.server.v1_16_R3.MinecraftServer.lambda$a$0(MinecraftServer.java:291)
19.08.2021 - 23:31:16 -        at java.base/java.lang.Thread.run(Thread.java:829)
